0 verbose cli /usr/bin/node /usr/bin/npm
1 info using npm@11.6.2
2 info using node@v20.19.5
3 silly config load:file:/usr/lib/node_modules/npm/npmrc
4 silly config load:file:/var/www/.npmrc
5 silly config load:file:/usr/etc/npmrc
6 verbose title npm run prod
7 verbose argv "run" "prod"
8 verbose logfile logs-max:10 dir:/var/www/.npm/_logs/2025-11-08T20_09_50_560Z-
9 verbose logfile /var/www/.npm/_logs/2025-11-08T20_09_50_560Z-debug-0.log
10 silly logfile done cleaning log files
11 verbose stack Error: Missing script: "prod"
11 verbose stack
11 verbose stack To see a list of scripts, run:
11 verbose stack   npm run
11 verbose stack     at #run (/usr/lib/node_modules/npm/lib/commands/run.js:115:13)
11 verbose stack     at async RunScript.exec (/usr/lib/node_modules/npm/lib/commands/run.js:44:7)
11 verbose stack     at async Npm.exec (/usr/lib/node_modules/npm/lib/npm.js:208:9)
11 verbose stack     at async module.exports (/usr/lib/node_modules/npm/lib/cli/entry.js:67:5)
12 error Missing script: "prod"
12 error
12 error To see a list of scripts, run:
12 error   npm run
13 verbose cwd /var/www
14 verbose os Linux 6.8.0-86-generic
15 verbose node v20.19.5
16 verbose npm  v11.6.2
17 verbose exit 1
18 verbose code 1
19 error A complete log of this run can be found in: /var/www/.npm/_logs/2025-11-08T20_09_50_560Z-debug-0.log
